{"/home/oleg/Документы/work folder/crm/crm/CRM-BeautySalon-React-TS-MongoDB/client/src/constants.js": {"path":"/home/oleg/Документы/work folder/crm/crm/CRM-BeautySalon-React-TS-MongoDB/client/src/constants.js","statementMap":{"0":{"start":{"line":1,"column":27},"end":{"line":1,"column":40}},"1":{"start":{"line":2,"column":25},"end":{"line":2,"column":36}},"2":{"start":{"line":3,"column":25},"end":{"line":3,"column":36}},"3":{"start":{"line":4,"column":34},"end":{"line":4,"column":54}},"4":{"start":{"line":5,"column":30},"end":{"line":5,"column":46}},"5":{"start":{"line":6,"column":33},"end":{"line":6,"column":52}},"6":{"start":{"line":7,"column":27},"end":{"line":7,"column":40}},"7":{"start":{"line":8,"column":28},"end":{"line":8,"column":42}},"8":{"start":{"line":9,"column":34},"end":{"line":9,"column":54}},"9":{"start":{"line":10,"column":27},"end":{"line":10,"column":40}},"10":{"start":{"line":11,"column":28},"end":{"line":11,"column":42}},"11":{"start":{"line":14,"column":31},"end":{"line":14,"column":47}},"12":{"start":{"line":15,"column":39},"end":{"line":15,"column":64}},"13":{"start":{"line":16,"column":36},"end":{"line":16,"column":58}},"14":{"start":{"line":20,"column":34},"end":{"line":20,"column":54}},"15":{"start":{"line":21,"column":31},"end":{"line":21,"column":48}},"16":{"start":{"line":22,"column":26},"end":{"line":22,"column":38}},"17":{"start":{"line":24,"column":36},"end":{"line":24,"column":58}},"18":{"start":{"line":25,"column":36},"end":{"line":25,"column":58}},"19":{"start":{"line":26,"column":33},"end":{"line":26,"column":52}},"20":{"start":{"line":27,"column":38},"end":{"line":27,"column":62}},"21":{"start":{"line":28,"column":40},"end":{"line":28,"column":66}},"22":{"start":{"line":29,"column":43},"end":{"line":29,"column":72}},"23":{"start":{"line":33,"column":35},"end":{"line":33,"column":56}},"24":{"start":{"line":34,"column":35},"end":{"line":34,"column":56}},"25":{"start":{"line":35,"column":32},"end":{"line":35,"column":51}},"26":{"start":{"line":36,"column":37},"end":{"line":36,"column":60}},"27":{"start":{"line":39,"column":36},"end":{"line":39,"column":58}},"28":{"start":{"line":40,"column":44},"end":{"line":40,"column":74}},"29":{"start":{"line":41,"column":41},"end":{"line":41,"column":68}},"30":{"start":{"line":43,"column":2},"end":{"line":43,"column":41}},"31":{"start":{"line":46,"column":44},"end":{"line":46,"column":74}},"32":{"start":{"line":47,"column":36},"end":{"line":47,"column":58}},"33":{"start":{"line":48,"column":44},"end":{"line":48,"column":74}},"34":{"start":{"line":49,"column":41},"end":{"line":49,"column":68}},"35":{"start":{"line":51,"column":2},"end":{"line":51,"column":35}},"36":{"start":{"line":54,"column":28},"end":{"line":54,"column":42}},"37":{"start":{"line":55,"column":36},"end":{"line":55,"column":58}},"38":{"start":{"line":56,"column":33},"end":{"line":56,"column":52}},"39":{"start":{"line":57,"column":39},"end":{"line":57,"column":64}},"40":{"start":{"line":58,"column":34},"end":{"line":58,"column":54}},"41":{"start":{"line":59,"column":34},"end":{"line":59,"column":54}},"42":{"start":{"line":60,"column":31},"end":{"line":60,"column":48}},"43":{"start":{"line":61,"column":32},"end":{"line":61,"column":50}},"44":{"start":{"line":62,"column":28},"end":{"line":62,"column":42}},"45":{"start":{"line":63,"column":26},"end":{"line":63,"column":38}},"46":{"start":{"line":67,"column":30},"end":{"line":67,"column":46}},"47":{"start":{"line":68,"column":38},"end":{"line":68,"column":62}},"48":{"start":{"line":69,"column":35},"end":{"line":69,"column":56}},"49":{"start":{"line":71,"column":2},"end":{"line":71,"column":35}},"50":{"start":{"line":75,"column":34},"end":{"line":75,"column":54}},"51":{"start":{"line":76,"column":34},"end":{"line":76,"column":55}},"52":{"start":{"line":77,"column":31},"end":{"line":77,"column":49}},"53":{"start":{"line":78,"column":45},"end":{"line":78,"column":76}},"54":{"start":{"line":80,"column":2},"end":{"line":80,"column":36}}},"fnMap":{},"branchMap":{},"s":{"0":3,"1":3,"2":3,"3":3,"4":3,"5":3,"6":3,"7":3,"8":3,"9":3,"10":3,"11":3,"12":3,"13":3,"14":3,"15":3,"16":3,"17":3,"18":3,"19":3,"20":3,"21":3,"22":3,"23":3,"24":3,"25":3,"26":3,"27":3,"28":3,"29":3,"30":3,"31":3,"32":3,"33":3,"34":3,"35":3,"36":3,"37":3,"38":3,"39":3,"40":3,"41":3,"42":3,"43":3,"44":3,"45":3,"46":3,"47":3,"48":3,"49":3,"50":3,"51":3,"52":3,"53":3,"54":3},"f":{},"b":{},"_coverageSchema":"1a1c01bbd47fc00a2c39e90264f33305004495a9","hash":"f6130e0b9bae12ee563d24ef57ab190ace910ed9"}
,"/home/oleg/Документы/work folder/crm/crm/CRM-BeautySalon-React-TS-MongoDB/client/src/components/Header/index.tsx": {"path":"/home/oleg/Документы/work folder/crm/crm/CRM-BeautySalon-React-TS-MongoDB/client/src/components/Header/index.tsx","statementMap":{"0":{"start":{"line":1,"column":0},"end":{"line":1,"column":26}},"1":{"start":{"line":2,"column":0},"end":{"line":2,"column":23}},"2":{"start":{"line":4,"column":0},"end":{"line":4,"column":46}},"3":{"start":{"line":5,"column":0},"end":{"line":5,"column":48}},"4":{"start":{"line":6,"column":0},"end":{"line":6,"column":75}},"5":{"start":{"line":7,"column":0},"end":{"line":7,"column":56}},"6":{"start":{"line":8,"column":0},"end":{"line":8,"column":66}},"7":{"start":{"line":10,"column":0},"end":{"line":10,"column":40}},"8":{"start":{"line":11,"column":0},"end":{"line":11,"column":69}},"9":{"start":{"line":12,"column":0},"end":{"line":12,"column":42}},"10":{"start":{"line":14,"column":18},"end":{"line":22,"column":null}},"11":{"start":{"line":15,"column":2},"end":{"line":22,"column":null}},"12":{"start":{"line":26,"column":10},"end":{"line":26,"column":18}},"13":{"start":{"line":27,"column":18},"end":{"line":27,"column":29}},"14":{"start":{"line":29,"column":18},"end":{"line":32,"column":4}},"15":{"start":{"line":34,"column":22},"end":{"line":42,"column":3}},"16":{"start":{"line":35,"column":19},"end":{"line":37,"column":42}},"17":{"start":{"line":39,"column":4},"end":{"line":41,"column":null}},"18":{"start":{"line":40,"column":6},"end":{"line":40,"column":69}},"19":{"start":{"line":44,"column":2},"end":{"line":50,"column":4}},"20":{"start":{"line":53,"column":15},"end":{"line":68,"column":1}},"21":{"start":{"line":54,"column":2},"end":{"line":67,"column":4}},"22":{"start":{"line":69,"column":0},"end":{"line":69,"column":22}}},"fnMap":{"0":{"name":"(anonymous_3)","decl":{"start":{"line":14,"column":29},"end":{"line":14,"column":30}},"loc":{"start":{"line":14,"column":42},"end":{"line":15,"column":14}}},"1":{"name":"ScrollTop","decl":{"start":{"line":25,"column":9},"end":{"line":25,"column":18}},"loc":{"start":{"line":25,"column":29},"end":{"line":51,"column":1}}},"2":{"name":"(anonymous_5)","decl":{"start":{"line":34,"column":22},"end":{"line":34,"column":23}},"loc":{"start":{"line":34,"column":62},"end":{"line":42,"column":3}}},"3":{"name":"(anonymous_6)","decl":{"start":{"line":53,"column":15},"end":{"line":53,"column":16}},"loc":{"start":{"line":53,"column":26},"end":{"line":68,"column":1}}}},"branchMap":{"0":{"loc":{"start":{"line":36,"column":7},"end":{"line":36,"column":52}},"type":"binary-expr","locations":[{"start":{"line":36,"column":7},"end":{"line":36,"column":52}},{"start":{"line":36,"column":56},"end":{"line":36,"column":64}}]},"1":{"loc":{"start":{"line":39,"column":4},"end":{"line":41,"column":null}},"type":"if","locations":[{"start":{"line":39,"column":4},"end":{"line":41,"column":null}},{"start":{"line":39,"column":4},"end":{"line":41,"column":null}}]}},"s":{"0":2,"1":2,"2":2,"3":2,"4":2,"5":2,"6":2,"7":2,"8":2,"9":2,"10":2,"11":0,"12":0,"13":0,"14":0,"15":0,"16":0,"17":0,"18":0,"19":0,"20":2,"21":1,"22":2},"f":{"0":0,"1":0,"2":0,"3":1},"b":{"0":[0,0],"1":[0,0]}}
,"/home/oleg/Документы/work folder/crm/crm/CRM-BeautySalon-React-TS-MongoDB/client/src/config/index.ts": {"path":"/home/oleg/Документы/work folder/crm/crm/CRM-BeautySalon-React-TS-MongoDB/client/src/config/index.ts","statementMap":{"0":{"start":{"line":1,"column":13},"end":{"line":1,"column":59}}},"fnMap":{},"branchMap":{"0":{"loc":{"start":{"line":1,"column":32},"end":{"line":1,"column":52}},"type":"binary-expr","locations":[{"start":{"line":1,"column":32},"end":{"line":1,"column":52}},{"start":{"line":1,"column":56},"end":{"line":1,"column":58}}]}},"s":{"0":3},"f":{},"b":{"0":[3,3]}}
,"/home/oleg/Документы/work folder/crm/crm/CRM-BeautySalon-React-TS-MongoDB/client/src/pages/AuthPage/actions/actionUser.ts": {"path":"/home/oleg/Документы/work folder/crm/crm/CRM-BeautySalon-React-TS-MongoDB/client/src/pages/AuthPage/actions/actionUser.ts","statementMap":{"0":{"start":{"line":1,"column":0},"end":{"line":1,"column":null}},"1":{"start":{"line":15,"column":0},"end":{"line":15,"column":53}},"2":{"start":{"line":16,"column":13},"end":{"line":32,"column":2}},"3":{"start":{"line":17,"column":2},"end":{"line":31,"column":4}},"4":{"start":{"line":18,"column":4},"end":{"line":18,"column":37}},"5":{"start":{"line":19,"column":4},"end":{"line":30,"column":9}},"6":{"start":{"line":21,"column":8},"end":{"line":23,"column":null}},"7":{"start":{"line":22,"column":10},"end":{"line":22,"column":57}},"8":{"start":{"line":26,"column":8},"end":{"line":26,"column":37}},"9":{"start":{"line":27,"column":8},"end":{"line":29,"column":17}},"10":{"start":{"line":28,"column":10},"end":{"line":28,"column":44}},"11":{"start":{"line":34,"column":13},"end":{"line":61,"column":2}},"12":{"start":{"line":35,"column":2},"end":{"line":60,"column":4}},"13":{"start":{"line":36,"column":4},"end":{"line":36,"column":33}},"14":{"start":{"line":37,"column":4},"end":{"line":59,"column":9}},"15":{"start":{"line":39,"column":8},"end":{"line":52,"column":null}},"16":{"start":{"line":40,"column":16},"end":{"line":40,"column":18}},"17":{"start":{"line":40,"column":18},"end":{"line":40,"column":23}},"18":{"start":{"line":40,"column":25},"end":{"line":40,"column":38}},"19":{"start":{"line":40,"column":40},"end":{"line":40,"column":59}},"20":{"start":{"line":41,"column":10},"end":{"line":41,"column":67}},"21":{"start":{"line":42,"column":10},"end":{"line":42,"column":36}},"22":{"start":{"line":43,"column":10},"end":{"line":51,"column":12}},"23":{"start":{"line":55,"column":8},"end":{"line":55,"column":39}},"24":{"start":{"line":56,"column":8},"end":{"line":58,"column":17}},"25":{"start":{"line":57,"column":10},"end":{"line":57,"column":37}},"26":{"start":{"line":63,"column":13},"end":{"line":74,"column":2}},"27":{"start":{"line":66,"column":2},"end":{"line":73,"column":4}},"28":{"start":{"line":76,"column":13},"end":{"line":81,"column":2}},"29":{"start":{"line":77,"column":2},"end":{"line":80,"column":4}},"30":{"start":{"line":78,"column":4},"end":{"line":78,"column":28}},"31":{"start":{"line":79,"column":4},"end":{"line":79,"column":40}},"32":{"start":{"line":83,"column":13},"end":{"line":95,"column":2}},"33":{"start":{"line":88,"column":2},"end":{"line":94,"column":4}},"34":{"start":{"line":89,"column":4},"end":{"line":89,"column":33}},"35":{"start":{"line":90,"column":4},"end":{"line":93,"column":12}},"36":{"start":{"line":91,"column":6},"end":{"line":91,"column":59}},"37":{"start":{"line":92,"column":6},"end":{"line":92,"column":32}},"38":{"start":{"line":97,"column":13},"end":{"line":99,"column":2}},"39":{"start":{"line":98,"column":2},"end":{"line":98,"column":32}},"40":{"start":{"line":101,"column":13},"end":{"line":103,"column":2}},"41":{"start":{"line":102,"column":2},"end":{"line":102,"column":38}},"42":{"start":{"line":105,"column":13},"end":{"line":107,"column":2}},"43":{"start":{"line":106,"column":2},"end":{"line":106,"column":46}},"44":{"start":{"line":109,"column":13},"end":{"line":111,"column":2}},"45":{"start":{"line":110,"column":2},"end":{"line":110,"column":36}},"46":{"start":{"line":113,"column":13},"end":{"line":122,"column":2}},"47":{"start":{"line":118,"column":2},"end":{"line":121,"column":4}},"48":{"start":{"line":123,"column":13},"end":{"line":128,"column":2}},"49":{"start":{"line":124,"column":2},"end":{"line":127,"column":4}},"50":{"start":{"line":130,"column":13},"end":{"line":137,"column":2}},"51":{"start":{"line":133,"column":2},"end":{"line":136,"column":4}},"52":{"start":{"line":139,"column":13},"end":{"line":141,"column":2}},"53":{"start":{"line":140,"column":2},"end":{"line":140,"column":43}}},"fnMap":{"0":{"name":"(anonymous_2)","decl":{"start":{"line":16,"column":31},"end":{"line":16,"column":32}},"loc":{"start":{"line":16,"column":73},"end":{"line":32,"column":1}}},"1":{"name":"(anonymous_3)","decl":{"start":{"line":17,"column":9},"end":{"line":17,"column":10}},"loc":{"start":{"line":17,"column":28},"end":{"line":31,"column":3}}},"2":{"name":"(anonymous_4)","decl":{"start":{"line":20,"column":12},"end":{"line":20,"column":13}},"loc":{"start":{"line":20,"column":21},"end":{"line":24,"column":7}}},"3":{"name":"(anonymous_5)","decl":{"start":{"line":25,"column":13},"end":{"line":25,"column":14}},"loc":{"start":{"line":25,"column":15},"end":{"line":30,"column":7}}},"4":{"name":"(anonymous_6)","decl":{"start":{"line":27,"column":19},"end":{"line":27,"column":null}},"loc":{"start":{"line":27,"column":19},"end":{"line":29,"column":9}}},"5":{"name":"(anonymous_7)","decl":{"start":{"line":34,"column":29},"end":{"line":34,"column":30}},"loc":{"start":{"line":34,"column":71},"end":{"line":61,"column":1}}},"6":{"name":"(anonymous_8)","decl":{"start":{"line":35,"column":9},"end":{"line":35,"column":10}},"loc":{"start":{"line":35,"column":28},"end":{"line":60,"column":3}}},"7":{"name":"(anonymous_9)","decl":{"start":{"line":38,"column":12},"end":{"line":38,"column":13}},"loc":{"start":{"line":38,"column":21},"end":{"line":53,"column":7}}},"8":{"name":"(anonymous_10)","decl":{"start":{"line":54,"column":13},"end":{"line":54,"column":14}},"loc":{"start":{"line":54,"column":19},"end":{"line":59,"column":7}}},"9":{"name":"(anonymous_11)","decl":{"start":{"line":56,"column":19},"end":{"line":56,"column":null}},"loc":{"start":{"line":56,"column":19},"end":{"line":58,"column":9}}},"10":{"name":"(anonymous_12)","decl":{"start":{"line":63,"column":29},"end":{"line":63,"column":30}},"loc":{"start":{"line":65,"column":1},"end":{"line":74,"column":1}}},"11":{"name":"(anonymous_13)","decl":{"start":{"line":76,"column":30},"end":{"line":76,"column":null}},"loc":{"start":{"line":76,"column":30},"end":{"line":81,"column":1}}},"12":{"name":"(anonymous_14)","decl":{"start":{"line":77,"column":9},"end":{"line":77,"column":10}},"loc":{"start":{"line":77,"column":28},"end":{"line":80,"column":3}}},"13":{"name":"(anonymous_15)","decl":{"start":{"line":83,"column":27},"end":{"line":83,"column":null}},"loc":{"start":{"line":86,"column":12},"end":{"line":95,"column":1}}},"14":{"name":"(anonymous_16)","decl":{"start":{"line":88,"column":9},"end":{"line":88,"column":10}},"loc":{"start":{"line":88,"column":28},"end":{"line":94,"column":3}}},"15":{"name":"(anonymous_17)","decl":{"start":{"line":90,"column":15},"end":{"line":90,"column":null}},"loc":{"start":{"line":90,"column":15},"end":{"line":93,"column":5}}},"16":{"name":"(anonymous_18)","decl":{"start":{"line":97,"column":27},"end":{"line":97,"column":null}},"loc":{"start":{"line":97,"column":27},"end":{"line":99,"column":1}}},"17":{"name":"(anonymous_19)","decl":{"start":{"line":101,"column":32},"end":{"line":101,"column":null}},"loc":{"start":{"line":101,"column":32},"end":{"line":103,"column":1}}},"18":{"name":"(anonymous_20)","decl":{"start":{"line":105,"column":25},"end":{"line":105,"column":26}},"loc":{"start":{"line":105,"column":40},"end":{"line":107,"column":1}}},"19":{"name":"(anonymous_21)","decl":{"start":{"line":109,"column":30},"end":{"line":109,"column":null}},"loc":{"start":{"line":109,"column":30},"end":{"line":111,"column":1}}},"20":{"name":"(anonymous_22)","decl":{"start":{"line":113,"column":32},"end":{"line":113,"column":null}},"loc":{"start":{"line":116,"column":16},"end":{"line":122,"column":1}}},"21":{"name":"(anonymous_23)","decl":{"start":{"line":123,"column":34},"end":{"line":123,"column":35}},"loc":{"start":{"line":123,"column":50},"end":{"line":128,"column":1}}},"22":{"name":"(anonymous_24)","decl":{"start":{"line":130,"column":31},"end":{"line":130,"column":32}},"loc":{"start":{"line":132,"column":1},"end":{"line":137,"column":1}}},"23":{"name":"(anonymous_25)","decl":{"start":{"line":139,"column":37},"end":{"line":139,"column":null}},"loc":{"start":{"line":139,"column":37},"end":{"line":141,"column":1}}}},"branchMap":{"0":{"loc":{"start":{"line":21,"column":8},"end":{"line":23,"column":null}},"type":"if","locations":[{"start":{"line":21,"column":8},"end":{"line":23,"column":null}},{"start":{"line":21,"column":8},"end":{"line":23,"column":null}}]},"1":{"loc":{"start":{"line":39,"column":8},"end":{"line":52,"column":null}},"type":"if","locations":[{"start":{"line":39,"column":8},"end":{"line":52,"column":null}},{"start":{"line":39,"column":8},"end":{"line":52,"column":null}}]},"2":{"loc":{"start":{"line":70,"column":10},"end":{"line":70,"column":37}},"type":"cond-expr","locations":[{"start":{"line":70,"column":10},"end":{"line":70,"column":37}},{"start":{"line":71,"column":10},"end":{"line":71,"column":49}}]}},"s":{"0":1,"1":1,"2":1,"3":0,"4":0,"5":0,"6":0,"7":0,"8":0,"9":0,"10":0,"11":1,"12":0,"13":0,"14":0,"15":0,"16":0,"17":0,"18":0,"19":0,"20":0,"21":0,"22":0,"23":0,"24":0,"25":0,"26":1,"27":2,"28":1,"29":1,"30":1,"31":1,"32":1,"33":0,"34":0,"35":0,"36":0,"37":0,"38":1,"39":2,"40":1,"41":1,"42":1,"43":1,"44":1,"45":1,"46":1,"47":1,"48":1,"49":1,"50":1,"51":1,"52":1,"53":1},"f":{"0":0,"1":0,"2":0,"3":0,"4":0,"5":0,"6":0,"7":0,"8":0,"9":0,"10":2,"11":1,"12":1,"13":0,"14":0,"15":0,"16":2,"17":1,"18":1,"19":1,"20":1,"21":1,"22":1,"23":1},"b":{"0":[0,0],"1":[0,0],"2":[1,1]}}
,"/home/oleg/Документы/work folder/crm/crm/CRM-BeautySalon-React-TS-MongoDB/client/src/pages/AuthPage/components/Authform.tsx": {"path":"/home/oleg/Документы/work folder/crm/crm/CRM-BeautySalon-React-TS-MongoDB/client/src/pages/AuthPage/components/Authform.tsx","statementMap":{"0":{"start":{"line":1,"column":0},"end":{"line":1,"column":40}},"1":{"start":{"line":2,"column":0},"end":{"line":2,"column":46}},"2":{"start":{"line":3,"column":0},"end":{"line":3,"column":52}},"3":{"start":{"line":5,"column":0},"end":{"line":5,"column":27}},"4":{"start":{"line":6,"column":0},"end":{"line":6,"column":45}},"5":{"start":{"line":7,"column":0},"end":{"line":7,"column":62}},"6":{"start":{"line":9,"column":24},"end":{"line":16,"column":2}},"7":{"start":{"line":24,"column":17},"end":{"line":105,"column":1}},"8":{"start":{"line":25,"column":2},"end":{"line":25,"column":15}},"9":{"start":{"line":26,"column":2},"end":{"line":26,"column":8}},"10":{"start":{"line":27,"column":2},"end":{"line":27,"column":8}},"11":{"start":{"line":28,"column":2},"end":{"line":28,"column":16}},"12":{"start":{"line":30,"column":8},"end":{"line":30,"column":9}},"13":{"start":{"line":30,"column":9},"end":{"line":30,"column":19}},"14":{"start":{"line":30,"column":21},"end":{"line":30,"column":53}},"15":{"start":{"line":31,"column":24},"end":{"line":34,"column":4}},"16":{"start":{"line":36,"column":23},"end":{"line":43,"column":3}},"17":{"start":{"line":37,"column":4},"end":{"line":42,"column":null}},"18":{"start":{"line":38,"column":6},"end":{"line":38,"column":21}},"19":{"start":{"line":39,"column":6},"end":{"line":39,"column":37}},"20":{"start":{"line":39,"column":30},"end":{"line":39,"column":36}},"21":{"start":{"line":41,"column":6},"end":{"line":41,"column":21}},"22":{"start":{"line":45,"column":2},"end":{"line":104,"column":4}},"23":{"start":{"line":49,"column":28},"end":{"line":49,"column":null}},"24":{"start":{"line":51,"column":10},"end":{"line":51,"column":16}},"25":{"start":{"line":51,"column":23},"end":{"line":102,"column":null}},"26":{"start":{"line":95,"column":16},"end":{"line":95,"column":47}},"27":{"start":{"line":95,"column":40},"end":{"line":95,"column":46}},"28":{"start":{"line":107,"column":0},"end":{"line":107,"column":24}}},"fnMap":{"0":{"name":"(anonymous_2)","decl":{"start":{"line":24,"column":17},"end":{"line":24,"column":18}},"loc":{"start":{"line":29,"column":16},"end":{"line":105,"column":1}}},"1":{"name":"(anonymous_3)","decl":{"start":{"line":36,"column":23},"end":{"line":36,"column":24}},"loc":{"start":{"line":36,"column":35},"end":{"line":43,"column":3}}},"2":{"name":"(anonymous_4)","decl":{"start":{"line":39,"column":20},"end":{"line":39,"column":21}},"loc":{"start":{"line":39,"column":25},"end":{"line":39,"column":31}}},"3":{"name":"(anonymous_5)","decl":{"start":{"line":49,"column":16},"end":{"line":49,"column":17}},"loc":{"start":{"line":49,"column":23},"end":{"line":49,"column":40}}},"4":{"name":"(anonymous_6)","decl":{"start":{"line":51,"column":7},"end":{"line":51,"column":8}},"loc":{"start":{"line":51,"column":18},"end":{"line":51,"column":null}}},"5":{"name":"(anonymous_7)","decl":{"start":{"line":94,"column":23},"end":{"line":94,"column":null}},"loc":{"start":{"line":94,"column":23},"end":{"line":96,"column":15}}},"6":{"name":"(anonymous_8)","decl":{"start":{"line":95,"column":30},"end":{"line":95,"column":31}},"loc":{"start":{"line":95,"column":35},"end":{"line":95,"column":41}}}},"branchMap":{"0":{"loc":{"start":{"line":37,"column":4},"end":{"line":42,"column":null}},"type":"if","locations":[{"start":{"line":37,"column":4},"end":{"line":42,"column":null}},{"start":{"line":37,"column":4},"end":{"line":42,"column":null}}]},"1":{"loc":{"start":{"line":59,"column":34},"end":{"line":59,"column":38}},"type":"cond-expr","locations":[{"start":{"line":59,"column":34},"end":{"line":59,"column":38}},{"start":{"line":59,"column":41},"end":{"line":59,"column":46}}]},"2":{"loc":{"start":{"line":72,"column":37},"end":{"line":72,"column":41}},"type":"cond-expr","locations":[{"start":{"line":72,"column":37},"end":{"line":72,"column":41}},{"start":{"line":72,"column":44},"end":{"line":72,"column":49}}]},"3":{"loc":{"start":{"line":84,"column":24},"end":{"line":84,"column":37}},"type":"binary-expr","locations":[{"start":{"line":84,"column":24},"end":{"line":84,"column":37}},{"start":{"line":84,"column":41},"end":{"line":84,"column":55}}]},"4":{"loc":{"start":{"line":93,"column":24},"end":{"line":93,"column":37}},"type":"binary-expr","locations":[{"start":{"line":93,"column":24},"end":{"line":93,"column":37}},{"start":{"line":93,"column":41},"end":{"line":93,"column":55}}]}},"s":{"0":1,"1":1,"2":1,"3":1,"4":1,"5":1,"6":1,"7":1,"8":1,"9":1,"10":1,"11":1,"12":1,"13":1,"14":1,"15":1,"16":1,"17":0,"18":0,"19":0,"20":0,"21":0,"22":1,"23":0,"24":0,"25":0,"26":0,"27":0,"28":1},"f":{"0":1,"1":0,"2":0,"3":0,"4":0,"5":0,"6":0},"b":{"0":[0,0],"1":[0,0],"2":[0,0],"3":[0,0],"4":[0,0]}}
,"/home/oleg/Документы/work folder/crm/crm/CRM-BeautySalon-React-TS-MongoDB/client/src/pages/HomePage/index.tsx": {"path":"/home/oleg/Документы/work folder/crm/crm/CRM-BeautySalon-React-TS-MongoDB/client/src/pages/HomePage/index.tsx","statementMap":{"0":{"start":{"line":1,"column":0},"end":{"line":1,"column":26}},"1":{"start":{"line":2,"column":0},"end":{"line":2,"column":23}},"2":{"start":{"line":3,"column":0},"end":{"line":3,"column":52}},"3":{"start":{"line":4,"column":0},"end":{"line":4,"column":43}},"4":{"start":{"line":5,"column":0},"end":{"line":5,"column":68}},"5":{"start":{"line":6,"column":0},"end":{"line":6,"column":40}},"6":{"start":{"line":7,"column":0},"end":{"line":7,"column":50}},"7":{"start":{"line":8,"column":0},"end":{"line":8,"column":49}},"8":{"start":{"line":9,"column":13},"end":{"line":35,"column":1}},"9":{"start":{"line":10,"column":2},"end":{"line":34,"column":4}},"10":{"start":{"line":37,"column":0},"end":{"line":37,"column":20}}},"fnMap":{"0":{"name":"(anonymous_1)","decl":{"start":{"line":9,"column":13},"end":{"line":9,"column":null}},"loc":{"start":{"line":9,"column":13},"end":{"line":35,"column":1}}}},"branchMap":{},"s":{"0":1,"1":1,"2":1,"3":1,"4":1,"5":1,"6":1,"7":1,"8":1,"9":1,"10":1},"f":{"0":1},"b":{}}
,"/home/oleg/Документы/work folder/crm/crm/CRM-BeautySalon-React-TS-MongoDB/client/src/pages/HomePage/components/HomeHeader/index.tsx": {"path":"/home/oleg/Документы/work folder/crm/crm/CRM-BeautySalon-React-TS-MongoDB/client/src/pages/HomePage/components/HomeHeader/index.tsx","statementMap":{"0":{"start":{"line":1,"column":0},"end":{"line":1,"column":26}},"1":{"start":{"line":2,"column":0},"end":{"line":2,"column":23}},"2":{"start":{"line":3,"column":0},"end":{"line":3,"column":55}},"3":{"start":{"line":5,"column":0},"end":{"line":5,"column":54}},"4":{"start":{"line":6,"column":19},"end":{"line":17,"column":1}},"5":{"start":{"line":7,"column":2},"end":{"line":16,"column":4}},"6":{"start":{"line":19,"column":0},"end":{"line":19,"column":26}}},"fnMap":{"0":{"name":"(anonymous_1)","decl":{"start":{"line":6,"column":19},"end":{"line":6,"column":null}},"loc":{"start":{"line":6,"column":19},"end":{"line":17,"column":1}}}},"branchMap":{},"s":{"0":1,"1":1,"2":1,"3":1,"4":1,"5":0,"6":1},"f":{"0":0},"b":{}}
,"/home/oleg/Документы/work folder/crm/crm/CRM-BeautySalon-React-TS-MongoDB/client/src/pages/HomePage/components/NavItem/index.tsx": {"path":"/home/oleg/Документы/work folder/crm/crm/CRM-BeautySalon-React-TS-MongoDB/client/src/pages/HomePage/components/NavItem/index.tsx","statementMap":{"0":{"start":{"line":1,"column":0},"end":{"line":1,"column":26}},"1":{"start":{"line":2,"column":0},"end":{"line":2,"column":24}},"2":{"start":{"line":3,"column":0},"end":{"line":3,"column":36}},"3":{"start":{"line":4,"column":0},"end":{"line":4,"column":65}},"4":{"start":{"line":12,"column":16},"end":{"line":19,"column":1}},"5":{"start":{"line":12,"column":19},"end":{"line":12,"column":23}},"6":{"start":{"line":12,"column":25},"end":{"line":12,"column":30}},"7":{"start":{"line":12,"column":32},"end":{"line":12,"column":40}},"8":{"start":{"line":13,"column":2},"end":{"line":18,"column":4}},"9":{"start":{"line":21,"column":0},"end":{"line":21,"column":23}}},"fnMap":{"0":{"name":"(anonymous_1)","decl":{"start":{"line":12,"column":16},"end":{"line":12,"column":17}},"loc":{"start":{"line":12,"column":56},"end":{"line":19,"column":1}}}},"branchMap":{},"s":{"0":2,"1":2,"2":2,"3":2,"4":2,"5":1,"6":1,"7":1,"8":1,"9":2},"f":{"0":1},"b":{}}
,"/home/oleg/Документы/work folder/crm/crm/CRM-BeautySalon-React-TS-MongoDB/client/src/pages/Services/actions/actionsServices.ts": {"path":"/home/oleg/Документы/work folder/crm/crm/CRM-BeautySalon-React-TS-MongoDB/client/src/pages/Services/actions/actionsServices.ts","statementMap":{"0":{"start":{"line":3,"column":0},"end":{"line":3,"column":63}},"1":{"start":{"line":4,"column":0},"end":{"line":4,"column":null}},"2":{"start":{"line":25,"column":13},"end":{"line":59,"column":2}},"3":{"start":{"line":33,"column":2},"end":{"line":58,"column":4}},"4":{"start":{"line":34,"column":4},"end":{"line":36,"column":7}},"5":{"start":{"line":38,"column":4},"end":{"line":57,"column":9}},"6":{"start":{"line":40,"column":8},"end":{"line":46,"column":null}},"7":{"start":{"line":41,"column":10},"end":{"line":41,"column":75}},"8":{"start":{"line":42,"column":10},"end":{"line":42,"column":59}},"9":{"start":{"line":43,"column":10},"end":{"line":43,"column":21}},"10":{"start":{"line":45,"column":10},"end":{"line":45,"column":42}},"11":{"start":{"line":49,"column":8},"end":{"line":49,"column":22}},"12":{"start":{"line":50,"column":8},"end":{"line":53,"column":11}},"13":{"start":{"line":54,"column":8},"end":{"line":56,"column":17}},"14":{"start":{"line":55,"column":10},"end":{"line":55,"column":62}},"15":{"start":{"line":61,"column":13},"end":{"line":84,"column":2}},"16":{"start":{"line":62,"column":2},"end":{"line":83,"column":4}},"17":{"start":{"line":63,"column":4},"end":{"line":63,"column":39}},"18":{"start":{"line":64,"column":4},"end":{"line":82,"column":9}},"19":{"start":{"line":66,"column":8},"end":{"line":71,"column":null}},"20":{"start":{"line":67,"column":10},"end":{"line":70,"column":13}},"21":{"start":{"line":74,"column":8},"end":{"line":74,"column":22}},"22":{"start":{"line":75,"column":8},"end":{"line":78,"column":11}},"23":{"start":{"line":79,"column":8},"end":{"line":81,"column":17}},"24":{"start":{"line":80,"column":10},"end":{"line":80,"column":62}},"25":{"start":{"line":86,"column":13},"end":{"line":109,"column":2}},"26":{"start":{"line":87,"column":2},"end":{"line":108,"column":4}},"27":{"start":{"line":88,"column":4},"end":{"line":88,"column":45}},"28":{"start":{"line":89,"column":4},"end":{"line":107,"column":9}},"29":{"start":{"line":91,"column":8},"end":{"line":96,"column":null}},"30":{"start":{"line":92,"column":10},"end":{"line":95,"column":13}},"31":{"start":{"line":99,"column":8},"end":{"line":99,"column":22}},"32":{"start":{"line":100,"column":8},"end":{"line":103,"column":11}},"33":{"start":{"line":104,"column":8},"end":{"line":106,"column":17}},"34":{"start":{"line":105,"column":10},"end":{"line":105,"column":68}},"35":{"start":{"line":111,"column":13},"end":{"line":140,"column":2}},"36":{"start":{"line":121,"column":2},"end":{"line":139,"column":4}},"37":{"start":{"line":122,"column":4},"end":{"line":122,"column":34}},"38":{"start":{"line":123,"column":4},"end":{"line":138,"column":9}},"39":{"start":{"line":125,"column":8},"end":{"line":131,"column":null}},"40":{"start":{"line":126,"column":10},"end":{"line":126,"column":48}},"41":{"start":{"line":127,"column":10},"end":{"line":130,"column":19}},"42":{"start":{"line":128,"column":12},"end":{"line":128,"column":47}},"43":{"start":{"line":129,"column":12},"end":{"line":129,"column":23}},"44":{"start":{"line":134,"column":8},"end":{"line":134,"column":36}},"45":{"start":{"line":135,"column":8},"end":{"line":137,"column":17}},"46":{"start":{"line":136,"column":10},"end":{"line":136,"column":43}},"47":{"start":{"line":141,"column":13},"end":{"line":145,"column":2}},"48":{"start":{"line":142,"column":2},"end":{"line":144,"column":4}},"49":{"start":{"line":146,"column":13},"end":{"line":154,"column":2}},"50":{"start":{"line":150,"column":2},"end":{"line":153,"column":4}},"51":{"start":{"line":155,"column":13},"end":{"line":157,"column":2}},"52":{"start":{"line":156,"column":2},"end":{"line":156,"column":52}},"53":{"start":{"line":158,"column":13},"end":{"line":169,"column":2}},"54":{"start":{"line":161,"column":2},"end":{"line":168,"column":4}},"55":{"start":{"line":171,"column":13},"end":{"line":173,"column":2}},"56":{"start":{"line":172,"column":2},"end":{"line":172,"column":49}}},"fnMap":{"0":{"name":"(anonymous_0)","decl":{"start":{"line":25,"column":27},"end":{"line":25,"column":null}},"loc":{"start":{"line":31,"column":22},"end":{"line":59,"column":1}}},"1":{"name":"(anonymous_1)","decl":{"start":{"line":33,"column":9},"end":{"line":33,"column":10}},"loc":{"start":{"line":33,"column":28},"end":{"line":58,"column":3}}},"2":{"name":"(anonymous_2)","decl":{"start":{"line":39,"column":12},"end":{"line":39,"column":13}},"loc":{"start":{"line":39,"column":21},"end":{"line":47,"column":7}}},"3":{"name":"(anonymous_3)","decl":{"start":{"line":48,"column":13},"end":{"line":48,"column":14}},"loc":{"start":{"line":48,"column":17},"end":{"line":57,"column":7}}},"4":{"name":"(anonymous_4)","decl":{"start":{"line":54,"column":19},"end":{"line":54,"column":null}},"loc":{"start":{"line":54,"column":19},"end":{"line":56,"column":9}}},"5":{"name":"(anonymous_5)","decl":{"start":{"line":61,"column":25},"end":{"line":61,"column":null}},"loc":{"start":{"line":61,"column":25},"end":{"line":84,"column":1}}},"6":{"name":"(anonymous_6)","decl":{"start":{"line":62,"column":9},"end":{"line":62,"column":10}},"loc":{"start":{"line":62,"column":28},"end":{"line":83,"column":3}}},"7":{"name":"(anonymous_7)","decl":{"start":{"line":65,"column":12},"end":{"line":65,"column":13}},"loc":{"start":{"line":65,"column":21},"end":{"line":72,"column":7}}},"8":{"name":"(anonymous_8)","decl":{"start":{"line":73,"column":13},"end":{"line":73,"column":14}},"loc":{"start":{"line":73,"column":17},"end":{"line":82,"column":7}}},"9":{"name":"(anonymous_9)","decl":{"start":{"line":79,"column":19},"end":{"line":79,"column":null}},"loc":{"start":{"line":79,"column":19},"end":{"line":81,"column":9}}},"10":{"name":"(anonymous_10)","decl":{"start":{"line":86,"column":27},"end":{"line":86,"column":null}},"loc":{"start":{"line":86,"column":27},"end":{"line":109,"column":1}}},"11":{"name":"(anonymous_11)","decl":{"start":{"line":87,"column":9},"end":{"line":87,"column":10}},"loc":{"start":{"line":87,"column":28},"end":{"line":108,"column":3}}},"12":{"name":"(anonymous_12)","decl":{"start":{"line":90,"column":12},"end":{"line":90,"column":13}},"loc":{"start":{"line":90,"column":21},"end":{"line":97,"column":7}}},"13":{"name":"(anonymous_13)","decl":{"start":{"line":98,"column":13},"end":{"line":98,"column":14}},"loc":{"start":{"line":98,"column":17},"end":{"line":107,"column":7}}},"14":{"name":"(anonymous_14)","decl":{"start":{"line":104,"column":19},"end":{"line":104,"column":null}},"loc":{"start":{"line":104,"column":19},"end":{"line":106,"column":9}}},"15":{"name":"(anonymous_15)","decl":{"start":{"line":111,"column":26},"end":{"line":111,"column":null}},"loc":{"start":{"line":119,"column":22},"end":{"line":140,"column":1}}},"16":{"name":"(anonymous_16)","decl":{"start":{"line":121,"column":9},"end":{"line":121,"column":10}},"loc":{"start":{"line":121,"column":28},"end":{"line":139,"column":3}}},"17":{"name":"(anonymous_17)","decl":{"start":{"line":124,"column":12},"end":{"line":124,"column":13}},"loc":{"start":{"line":124,"column":21},"end":{"line":132,"column":7}}},"18":{"name":"(anonymous_18)","decl":{"start":{"line":127,"column":21},"end":{"line":127,"column":null}},"loc":{"start":{"line":127,"column":21},"end":{"line":130,"column":11}}},"19":{"name":"(anonymous_19)","decl":{"start":{"line":133,"column":13},"end":{"line":133,"column":14}},"loc":{"start":{"line":133,"column":15},"end":{"line":138,"column":7}}},"20":{"name":"(anonymous_20)","decl":{"start":{"line":135,"column":19},"end":{"line":135,"column":null}},"loc":{"start":{"line":135,"column":19},"end":{"line":137,"column":9}}},"21":{"name":"(anonymous_21)","decl":{"start":{"line":141,"column":33},"end":{"line":141,"column":null}},"loc":{"start":{"line":141,"column":33},"end":{"line":145,"column":1}}},"22":{"name":"(anonymous_22)","decl":{"start":{"line":146,"column":33},"end":{"line":146,"column":34}},"loc":{"start":{"line":149,"column":1},"end":{"line":154,"column":1}}},"23":{"name":"(anonymous_23)","decl":{"start":{"line":155,"column":38},"end":{"line":155,"column":null}},"loc":{"start":{"line":155,"column":38},"end":{"line":157,"column":1}}},"24":{"name":"(anonymous_24)","decl":{"start":{"line":158,"column":30},"end":{"line":158,"column":31}},"loc":{"start":{"line":160,"column":1},"end":{"line":169,"column":1}}},"25":{"name":"(anonymous_25)","decl":{"start":{"line":171,"column":36},"end":{"line":171,"column":null}},"loc":{"start":{"line":171,"column":36},"end":{"line":173,"column":1}}}},"branchMap":{"0":{"loc":{"start":{"line":40,"column":8},"end":{"line":46,"column":null}},"type":"if","locations":[{"start":{"line":40,"column":8},"end":{"line":46,"column":null}},{"start":{"line":40,"column":8},"end":{"line":46,"column":null}}]},"1":{"loc":{"start":{"line":66,"column":8},"end":{"line":71,"column":null}},"type":"if","locations":[{"start":{"line":66,"column":8},"end":{"line":71,"column":null}},{"start":{"line":66,"column":8},"end":{"line":71,"column":null}}]},"2":{"loc":{"start":{"line":91,"column":8},"end":{"line":96,"column":null}},"type":"if","locations":[{"start":{"line":91,"column":8},"end":{"line":96,"column":null}},{"start":{"line":91,"column":8},"end":{"line":96,"column":null}}]},"3":{"loc":{"start":{"line":125,"column":8},"end":{"line":131,"column":null}},"type":"if","locations":[{"start":{"line":125,"column":8},"end":{"line":131,"column":null}},{"start":{"line":125,"column":8},"end":{"line":131,"column":null}}]},"4":{"loc":{"start":{"line":165,"column":10},"end":{"line":165,"column":33}},"type":"cond-expr","locations":[{"start":{"line":165,"column":10},"end":{"line":165,"column":33}},{"start":{"line":166,"column":10},"end":{"line":166,"column":51}}]}},"s":{"0":2,"1":2,"2":2,"3":0,"4":0,"5":0,"6":0,"7":0,"8":0,"9":0,"10":0,"11":0,"12":0,"13":0,"14":0,"15":2,"16":0,"17":0,"18":0,"19":0,"20":0,"21":0,"22":0,"23":0,"24":0,"25":2,"26":0,"27":0,"28":0,"29":0,"30":0,"31":0,"32":0,"33":0,"34":0,"35":2,"36":0,"37":0,"38":0,"39":0,"40":0,"41":0,"42":0,"43":0,"44":0,"45":0,"46":0,"47":2,"48":1,"49":2,"50":1,"51":2,"52":1,"53":2,"54":1,"55":2,"56":1},"f":{"0":0,"1":0,"2":0,"3":0,"4":0,"5":0,"6":0,"7":0,"8":0,"9":0,"10":0,"11":0,"12":0,"13":0,"14":0,"15":0,"16":0,"17":0,"18":0,"19":0,"20":0,"21":1,"22":1,"23":1,"24":1,"25":1},"b":{"0":[0,0],"1":[0,0],"2":[0,0],"3":[0,0],"4":[1,0]}}
,"/home/oleg/Документы/work folder/crm/crm/CRM-BeautySalon-React-TS-MongoDB/client/src/pages/Services/components/FormAddService/index.tsx": {"path":"/home/oleg/Документы/work folder/crm/crm/CRM-BeautySalon-React-TS-MongoDB/client/src/pages/Services/components/FormAddService/index.tsx","statementMap":{"0":{"start":{"line":1,"column":0},"end":{"line":1,"column":51}},"1":{"start":{"line":2,"column":0},"end":{"line":2,"column":52}},"2":{"start":{"line":3,"column":0},"end":{"line":3,"column":59}},"3":{"start":{"line":4,"column":0},"end":{"line":4,"column":59}},"4":{"start":{"line":5,"column":0},"end":{"line":5,"column":55}},"5":{"start":{"line":6,"column":0},"end":{"line":6,"column":23}},"6":{"start":{"line":7,"column":0},"end":{"line":7,"column":27}},"7":{"start":{"line":8,"column":0},"end":{"line":8,"column":45}},"8":{"start":{"line":9,"column":0},"end":{"line":9,"column":62}},"9":{"start":{"line":10,"column":0},"end":{"line":10,"column":46}},"10":{"start":{"line":12,"column":0},"end":{"line":12,"column":35}},"11":{"start":{"line":14,"column":0},"end":{"line":14,"column":60}},"12":{"start":{"line":16,"column":0},"end":{"line":16,"column":55}},"13":{"start":{"line":18,"column":0},"end":{"line":18,"column":46}},"14":{"start":{"line":19,"column":0},"end":{"line":19,"column":44}},"15":{"start":{"line":20,"column":0},"end":{"line":20,"column":50}},"16":{"start":{"line":21,"column":0},"end":{"line":21,"column":41}},"17":{"start":{"line":23,"column":0},"end":{"line":23,"column":55}},"18":{"start":{"line":24,"column":0},"end":{"line":24,"column":50}},"19":{"start":{"line":25,"column":0},"end":{"line":25,"column":58}},"20":{"start":{"line":26,"column":0},"end":{"line":26,"column":54}},"21":{"start":{"line":27,"column":0},"end":{"line":27,"column":56}},"22":{"start":{"line":29,"column":0},"end":{"line":29,"column":59}},"23":{"start":{"line":31,"column":13},"end":{"line":33,"column":2}},"24":{"start":{"line":32,"column":2},"end":{"line":32,"column":75}},"25":{"start":{"line":32,"column":37},"end":{"line":32,"column":74}},"26":{"start":{"line":35,"column":22},"end":{"line":39,"column":2}},"27":{"start":{"line":40,"column":24},"end":{"line":43,"column":2}},"28":{"start":{"line":44,"column":23},"end":{"line":257,"column":1}},"29":{"start":{"line":44,"column":26},"end":{"line":44,"column":37}},"30":{"start":{"line":45,"column":8},"end":{"line":53,"column":4}},"31":{"start":{"line":45,"column":10},"end":{"line":45,"column":16}},"32":{"start":{"line":45,"column":18},"end":{"line":45,"column":36}},"33":{"start":{"line":45,"column":38},"end":{"line":45,"column":null}},"34":{"start":{"line":54,"column":19},"end":{"line":54,"column":32}},"35":{"start":{"line":56,"column":8},"end":{"line":56,"column":9}},"36":{"start":{"line":56,"column":9},"end":{"line":56,"column":22}},"37":{"start":{"line":56,"column":24},"end":{"line":56,"column":64}},"38":{"start":{"line":57,"column":8},"end":{"line":57,"column":9}},"39":{"start":{"line":57,"column":9},"end":{"line":57,"column":17}},"40":{"start":{"line":57,"column":19},"end":{"line":57,"column":62}},"41":{"start":{"line":58,"column":2},"end":{"line":62,"column":15}},"42":{"start":{"line":59,"column":4},"end":{"line":61,"column":null}},"43":{"start":{"line":60,"column":6},"end":{"line":60,"column":49}},"44":{"start":{"line":64,"column":2},"end":{"line":67,"column":27}},"45":{"start":{"line":65,"column":4},"end":{"line":66,"column":75}},"46":{"start":{"line":69,"column":2},"end":{"line":72,"column":30}},"47":{"start":{"line":70,"column":4},"end":{"line":71,"column":80}},"48":{"start":{"line":79,"column":28},"end":{"line":88,"column":3}},"49":{"start":{"line":80,"column":17},"end":{"line":86,"column":6}},"50":{"start":{"line":87,"column":4},"end":{"line":87,"column":44}},"51":{"start":{"line":90,"column":16},"end":{"line":94,"column":4}},"52":{"start":{"line":96,"column":23},"end":{"line":98,"column":3}},"53":{"start":{"line":97,"column":4},"end":{"line":97,"column":48}},"54":{"start":{"line":100,"column":2},"end":{"line":256,"column":4}},"55":{"start":{"line":107,"column":12},"end":{"line":107,"column":17}},"56":{"start":{"line":107,"column":19},"end":{"line":107,"column":26}},"57":{"start":{"line":107,"column":28},"end":{"line":107,"column":34}},"58":{"start":{"line":107,"column":41},"end":{"line":253,"column":null}},"59":{"start":{"line":201,"column":24},"end":{"line":206,"column":null}},"60":{"start":{"line":203,"column":28},"end":{"line":204,"column":37}},"61":{"start":{"line":203,"column":54},"end":{"line":203,"column":80}},"62":{"start":{"line":209,"column":50},"end":{"line":216,"column":24}},"63":{"start":{"line":228,"column":41},"end":{"line":228,"column":76}},"64":{"start":{"line":259,"column":0},"end":{"line":259,"column":30}}},"fnMap":{"0":{"name":"(anonymous_2)","decl":{"start":{"line":31,"column":23},"end":{"line":31,"column":24}},"loc":{"start":{"line":31,"column":36},"end":{"line":33,"column":1}}},"1":{"name":"(anonymous_3)","decl":{"start":{"line":32,"column":29},"end":{"line":32,"column":30}},"loc":{"start":{"line":32,"column":32},"end":{"line":32,"column":45}}},"2":{"name":"(anonymous_4)","decl":{"start":{"line":44,"column":23},"end":{"line":44,"column":24}},"loc":{"start":{"line":44,"column":44},"end":{"line":257,"column":1}}},"3":{"name":"(anonymous_5)","decl":{"start":{"line":45,"column":8},"end":{"line":45,"column":10}},"loc":{"start":{"line":45,"column":8},"end":{"line":53,"column":4}}},"4":{"name":"(anonymous_6)","decl":{"start":{"line":58,"column":12},"end":{"line":58,"column":null}},"loc":{"start":{"line":58,"column":12},"end":{"line":62,"column":3}}},"5":{"name":"(anonymous_7)","decl":{"start":{"line":64,"column":12},"end":{"line":64,"column":null}},"loc":{"start":{"line":64,"column":12},"end":{"line":67,"column":3}}},"6":{"name":"(anonymous_8)","decl":{"start":{"line":69,"column":12},"end":{"line":69,"column":null}},"loc":{"start":{"line":69,"column":12},"end":{"line":72,"column":3}}},"7":{"name":"(anonymous_9)","decl":{"start":{"line":79,"column":28},"end":{"line":79,"column":29}},"loc":{"start":{"line":79,"column":47},"end":{"line":88,"column":3}}},"8":{"name":"(anonymous_10)","decl":{"start":{"line":96,"column":23},"end":{"line":96,"column":24}},"loc":{"start":{"line":96,"column":68},"end":{"line":98,"column":3}}},"9":{"name":"(anonymous_11)","decl":{"start":{"line":107,"column":9},"end":{"line":107,"column":10}},"loc":{"start":{"line":107,"column":36},"end":{"line":253,"column":null}}},"10":{"name":"(anonymous_12)","decl":{"start":{"line":200,"column":35},"end":{"line":200,"column":36}},"loc":{"start":{"line":200,"column":49},"end":{"line":201,"column":32}}},"11":{"name":"(anonymous_13)","decl":{"start":{"line":202,"column":31},"end":{"line":202,"column":32}},"loc":{"start":{"line":202,"column":43},"end":{"line":205,"column":27}}},"12":{"name":"(anonymous_14)","decl":{"start":{"line":203,"column":46},"end":{"line":203,"column":47}},"loc":{"start":{"line":203,"column":49},"end":{"line":203,"column":56}}},"13":{"name":"(anonymous_15)","decl":{"start":{"line":209,"column":33},"end":{"line":209,"column":34}},"loc":{"start":{"line":209,"column":45},"end":{"line":209,"column":null}}},"14":{"name":"(anonymous_16)","decl":{"start":{"line":228,"column":34},"end":{"line":228,"column":35}},"loc":{"start":{"line":228,"column":36},"end":{"line":228,"column":42}}}},"branchMap":{"0":{"loc":{"start":{"line":59,"column":4},"end":{"line":61,"column":null}},"type":"if","locations":[{"start":{"line":59,"column":4},"end":{"line":61,"column":null}},{"start":{"line":59,"column":4},"end":{"line":61,"column":null}}]},"1":{"loc":{"start":{"line":65,"column":4},"end":{"line":65,"column":22}},"type":"binary-expr","locations":[{"start":{"line":65,"column":4},"end":{"line":65,"column":22}},{"start":{"line":66,"column":6},"end":{"line":66,"column":74}}]},"2":{"loc":{"start":{"line":70,"column":4},"end":{"line":70,"column":25}},"type":"binary-expr","locations":[{"start":{"line":70,"column":4},"end":{"line":70,"column":25}},{"start":{"line":71,"column":6},"end":{"line":71,"column":79}}]},"3":{"loc":{"start":{"line":122,"column":41},"end":{"line":122,"column":45}},"type":"cond-expr","locations":[{"start":{"line":122,"column":41},"end":{"line":122,"column":45}},{"start":{"line":122,"column":48},"end":{"line":122,"column":53}}]},"4":{"loc":{"start":{"line":148,"column":41},"end":{"line":148,"column":45}},"type":"cond-expr","locations":[{"start":{"line":148,"column":41},"end":{"line":148,"column":45}},{"start":{"line":148,"column":48},"end":{"line":148,"column":53}}]},"5":{"loc":{"start":{"line":169,"column":42},"end":{"line":169,"column":46}},"type":"cond-expr","locations":[{"start":{"line":169,"column":42},"end":{"line":169,"column":46}},{"start":{"line":169,"column":49},"end":{"line":169,"column":54}}]},"6":{"loc":{"start":{"line":203,"column":80},"end":{"line":203,"column":null}},"type":"cond-expr","locations":[{"start":{"line":203,"column":80},"end":{"line":203,"column":null}},{"start":{"line":203,"column":80},"end":{"line":204,"column":36}}]},"7":{"loc":{"start":{"line":203,"column":28},"end":{"line":203,"column":null}},"type":"binary-expr","locations":[{"start":{"line":203,"column":28},"end":{"line":203,"column":null}},{"start":{"line":203,"column":80},"end":{"line":203,"column":null}}]},"8":{"loc":{"start":{"line":228,"column":21},"end":{"line":229,"column":29}},"type":"cond-expr","locations":[{"start":{"line":228,"column":21},"end":{"line":229,"column":29}},{"start":{"line":230,"column":22},"end":{"line":230,"column":31}}]},"9":{"loc":{"start":{"line":228,"column":76},"end":{"line":228,"column":null}},"type":"cond-expr","locations":[{"start":{"line":228,"column":76},"end":{"line":228,"column":null}},{"start":{"line":228,"column":76},"end":{"line":229,"column":29}}]},"10":{"loc":{"start":{"line":228,"column":21},"end":{"line":228,"column":null}},"type":"binary-expr","locations":[{"start":{"line":228,"column":21},"end":{"line":228,"column":null}},{"start":{"line":228,"column":76},"end":{"line":228,"column":null}}]},"11":{"loc":{"start":{"line":244,"column":26},"end":{"line":244,"column":32}},"type":"binary-expr","locations":[{"start":{"line":244,"column":26},"end":{"line":244,"column":32}},{"start":{"line":244,"column":36},"end":{"line":244,"column":44}}]}},"s":{"0":1,"1":1,"2":1,"3":1,"4":1,"5":1,"6":1,"7":1,"8":1,"9":1,"10":1,"11":1,"12":1,"13":1,"14":1,"15":1,"16":1,"17":1,"18":1,"19":1,"20":1,"21":1,"22":1,"23":1,"24":4,"25":8,"26":1,"27":1,"28":1,"29":0,"30":0,"31":0,"32":0,"33":0,"34":0,"35":0,"36":0,"37":0,"38":0,"39":0,"40":0,"41":0,"42":0,"43":0,"44":0,"45":0,"46":0,"47":0,"48":0,"49":0,"50":0,"51":0,"52":0,"53":0,"54":0,"55":0,"56":0,"57":0,"58":0,"59":0,"60":0,"61":0,"62":0,"63":0,"64":1},"f":{"0":4,"1":8,"2":0,"3":0,"4":0,"5":0,"6":0,"7":0,"8":0,"9":0,"10":0,"11":0,"12":0,"13":0,"14":0},"b":{"0":[0,0],"1":[0,0],"2":[0,0],"3":[0,0],"4":[0,0],"5":[0,0],"6":[0,0],"7":[0,0],"8":[0,0],"9":[0,0],"10":[0,0],"11":[0,0]}}
,"/home/oleg/Документы/work folder/crm/crm/CRM-BeautySalon-React-TS-MongoDB/client/src/pages/Services/components/SelectColor/index.tsx": {"path":"/home/oleg/Документы/work folder/crm/crm/CRM-BeautySalon-React-TS-MongoDB/client/src/pages/Services/components/SelectColor/index.tsx","statementMap":{"0":{"start":{"line":1,"column":0},"end":{"line":1,"column":40}},"1":{"start":{"line":2,"column":0},"end":{"line":2,"column":46}},"2":{"start":{"line":3,"column":0},"end":{"line":3,"column":46}},"3":{"start":{"line":5,"column":0},"end":{"line":5,"column":23}},"4":{"start":{"line":15,"column":2},"end":{"line":15,"column":9}},"5":{"start":{"line":16,"column":2},"end":{"line":16,"column":6}},"6":{"start":{"line":17,"column":2},"end":{"line":17,"column":8}},"7":{"start":{"line":18,"column":2},"end":{"line":18,"column":19}},"8":{"start":{"line":20,"column":2},"end":{"line":36,"column":4}},"9":{"start":{"line":24,"column":10},"end":{"line":32,"column":12}},"10":{"start":{"line":29,"column":31},"end":{"line":29,"column":null}},"11":{"start":{"line":45,"column":2},"end":{"line":45,"column":18}},"12":{"start":{"line":46,"column":2},"end":{"line":46,"column":8}},"13":{"start":{"line":48,"column":8},"end":{"line":48,"column":9}},"14":{"start":{"line":48,"column":9},"end":{"line":48,"column":13}},"15":{"start":{"line":48,"column":15},"end":{"line":48,"column":41}},"16":{"start":{"line":50,"column":28},"end":{"line":53,"column":3}},"17":{"start":{"line":51,"column":4},"end":{"line":51,"column":26}},"18":{"start":{"line":52,"column":4},"end":{"line":52,"column":19}},"19":{"start":{"line":55,"column":2},"end":{"line":67,"column":4}},"20":{"start":{"line":57,"column":64},"end":{"line":57,"column":null}},"21":{"start":{"line":62,"column":23},"end":{"line":62,"column":null}},"22":{"start":{"line":63,"column":44},"end":{"line":63,"column":null}},"23":{"start":{"line":44,"column":0},"end":{"line":44,"column":24}}},"fnMap":{"0":{"name":"SimpleDialog","decl":{"start":{"line":14,"column":9},"end":{"line":14,"column":21}},"loc":{"start":{"line":19,"column":20},"end":{"line":37,"column":1}}},"1":{"name":"(anonymous_3)","decl":{"start":{"line":23,"column":20},"end":{"line":23,"column":21}},"loc":{"start":{"line":23,"column":33},"end":{"line":33,"column":9}}},"2":{"name":"(anonymous_4)","decl":{"start":{"line":29,"column":25},"end":{"line":29,"column":31}},"loc":{"start":{"line":29,"column":25},"end":{"line":29,"column":48}}},"3":{"name":"SelectColor","decl":{"start":{"line":44,"column":24},"end":{"line":44,"column":35}},"loc":{"start":{"line":47,"column":19},"end":{"line":68,"column":1}}},"4":{"name":"(anonymous_6)","decl":{"start":{"line":50,"column":28},"end":{"line":50,"column":29}},"loc":{"start":{"line":50,"column":40},"end":{"line":53,"column":3}}},"5":{"name":"(anonymous_7)","decl":{"start":{"line":57,"column":58},"end":{"line":57,"column":64}},"loc":{"start":{"line":57,"column":58},"end":{"line":57,"column":71}}},"6":{"name":"(anonymous_8)","decl":{"start":{"line":62,"column":17},"end":{"line":62,"column":23}},"loc":{"start":{"line":62,"column":17},"end":{"line":62,"column":30}}},"7":{"name":"(anonymous_9)","decl":{"start":{"line":63,"column":27},"end":{"line":63,"column":28}},"loc":{"start":{"line":63,"column":39},"end":{"line":63,"column":61}}}},"branchMap":{},"s":{"0":1,"1":1,"2":1,"3":1,"4":0,"5":0,"6":0,"7":0,"8":0,"9":0,"10":0,"11":0,"12":0,"13":0,"14":0,"15":0,"16":0,"17":0,"18":0,"19":0,"20":0,"21":0,"22":0,"23":1},"f":{"0":0,"1":0,"2":0,"3":0,"4":0,"5":0,"6":0,"7":0},"b":{}}
,"/home/oleg/Документы/work folder/crm/crm/CRM-BeautySalon-React-TS-MongoDB/client/src/reducers/services.ts": {"path":"/home/oleg/Документы/work folder/crm/crm/CRM-BeautySalon-React-TS-MongoDB/client/src/reducers/services.ts","statementMap":{"0":{"start":{"line":4,"column":0},"end":{"line":4,"column":null}},"1":{"start":{"line":16,"column":13},"end":{"line":37,"column":2}},"2":{"start":{"line":39,"column":22},"end":{"line":93,"column":1}},"3":{"start":{"line":40,"column":2},"end":{"line":40,"column":null}},"4":{"start":{"line":43,"column":2},"end":{"line":92,"column":null}},"5":{"start":{"line":45,"column":6},"end":{"line":49,"column":null}},"6":{"start":{"line":52,"column":6},"end":{"line":56,"column":null}},"7":{"start":{"line":59,"column":6},"end":{"line":63,"column":null}},"8":{"start":{"line":66,"column":6},"end":{"line":69,"column":null}},"9":{"start":{"line":72,"column":6},"end":{"line":72,"column":69}},"10":{"start":{"line":74,"column":6},"end":{"line":79,"column":null}},"11":{"start":{"line":82,"column":6},"end":{"line":84,"column":null}},"12":{"start":{"line":87,"column":6},"end":{"line":87,"column":70}},"13":{"start":{"line":89,"column":6},"end":{"line":89,"column":50}},"14":{"start":{"line":91,"column":6},"end":{"line":91,"column":19}},"15":{"start":{"line":95,"column":0},"end":{"line":95,"column":29}}},"fnMap":{"0":{"name":"(anonymous_3)","decl":{"start":{"line":39,"column":22},"end":{"line":39,"column":null}},"loc":{"start":{"line":41,"column":28},"end":{"line":93,"column":1}}}},"branchMap":{"0":{"loc":{"start":{"line":40,"column":2},"end":{"line":40,"column":null}},"type":"if","locations":[{"start":{"line":40,"column":2},"end":{"line":40,"column":null}},{"start":{"line":40,"column":2},"end":{"line":40,"column":null}}]},"1":{"loc":{"start":{"line":44,"column":4},"end":{"line":49,"column":null}},"type":"switch","locations":[{"start":{"line":44,"column":4},"end":{"line":49,"column":null}},{"start":{"line":51,"column":4},"end":{"line":56,"column":null}},{"start":{"line":58,"column":4},"end":{"line":63,"column":null}},{"start":{"line":65,"column":4},"end":{"line":69,"column":null}},{"start":{"line":71,"column":4},"end":{"line":72,"column":69}},{"start":{"line":73,"column":4},"end":{"line":79,"column":null}},{"start":{"line":81,"column":4},"end":{"line":84,"column":null}},{"start":{"line":86,"column":4},"end":{"line":87,"column":70}},{"start":{"line":88,"column":4},"end":{"line":89,"column":50}},{"start":{"line":90,"column":4},"end":{"line":91,"column":19}}]}},"s":{"0":1,"1":1,"2":1,"3":0,"4":0,"5":0,"6":0,"7":0,"8":0,"9":0,"10":0,"11":0,"12":0,"13":0,"14":0,"15":1},"f":{"0":0},"b":{"0":[0,0],"1":[0,0,0,0,0,0,0,0,0,0]}}
,"/home/oleg/Документы/work folder/crm/crm/CRM-BeautySalon-React-TS-MongoDB/client/src/reducers/user.ts": {"path":"/home/oleg/Документы/work folder/crm/crm/CRM-BeautySalon-React-TS-MongoDB/client/src/reducers/user.ts","statementMap":{"0":{"start":{"line":2,"column":0},"end":{"line":2,"column":null}},"1":{"start":{"line":15,"column":13},"end":{"line":27,"column":2}},"2":{"start":{"line":28,"column":18},"end":{"line":99,"column":1}},"3":{"start":{"line":29,"column":2},"end":{"line":29,"column":null}},"4":{"start":{"line":32,"column":2},"end":{"line":98,"column":null}},"5":{"start":{"line":34,"column":6},"end":{"line":38,"column":null}},"6":{"start":{"line":41,"column":6},"end":{"line":45,"column":null}},"7":{"start":{"line":48,"column":6},"end":{"line":52,"column":null}},"8":{"start":{"line":56,"column":6},"end":{"line":59,"column":null}},"9":{"start":{"line":63,"column":6},"end":{"line":66,"column":null}},"10":{"start":{"line":69,"column":6},"end":{"line":73,"column":null}},"11":{"start":{"line":76,"column":6},"end":{"line":80,"column":null}},"12":{"start":{"line":84,"column":6},"end":{"line":87,"column":null}},"13":{"start":{"line":90,"column":6},"end":{"line":92,"column":null}},"14":{"start":{"line":95,"column":6},"end":{"line":95,"column":53}},"15":{"start":{"line":97,"column":6},"end":{"line":97,"column":19}},"16":{"start":{"line":101,"column":0},"end":{"line":101,"column":25}}},"fnMap":{"0":{"name":"(anonymous_2)","decl":{"start":{"line":28,"column":18},"end":{"line":28,"column":null}},"loc":{"start":{"line":30,"column":25},"end":{"line":99,"column":1}}}},"branchMap":{"0":{"loc":{"start":{"line":29,"column":2},"end":{"line":29,"column":null}},"type":"if","locations":[{"start":{"line":29,"column":2},"end":{"line":29,"column":null}},{"start":{"line":29,"column":2},"end":{"line":29,"column":null}}]},"1":{"loc":{"start":{"line":33,"column":4},"end":{"line":38,"column":null}},"type":"switch","locations":[{"start":{"line":33,"column":4},"end":{"line":38,"column":null}},{"start":{"line":40,"column":4},"end":{"line":45,"column":null}},{"start":{"line":47,"column":4},"end":{"line":52,"column":null}},{"start":{"line":55,"column":4},"end":{"line":59,"column":null}},{"start":{"line":62,"column":4},"end":{"line":66,"column":null}},{"start":{"line":68,"column":4},"end":{"line":73,"column":null}},{"start":{"line":75,"column":4},"end":{"line":80,"column":null}},{"start":{"line":83,"column":4},"end":{"line":87,"column":null}},{"start":{"line":89,"column":4},"end":{"line":92,"column":null}},{"start":{"line":94,"column":4},"end":{"line":95,"column":53}},{"start":{"line":96,"column":4},"end":{"line":97,"column":19}}]}},"s":{"0":1,"1":1,"2":1,"3":0,"4":0,"5":0,"6":0,"7":0,"8":0,"9":0,"10":0,"11":0,"12":0,"13":0,"14":0,"15":0,"16":1},"f":{"0":0},"b":{"0":[0,0],"1":[0,0,0,0,0,0,0,0,0,0,0]}}
,"/home/oleg/Документы/work folder/crm/crm/CRM-BeautySalon-React-TS-MongoDB/client/src/utils/network.ts": {"path":"/home/oleg/Документы/work folder/crm/crm/CRM-BeautySalon-React-TS-MongoDB/client/src/utils/network.ts","statementMap":{"0":{"start":{"line":1,"column":0},"end":{"line":1,"column":26}},"1":{"start":{"line":3,"column":0},"end":{"line":3,"column":36}},"2":{"start":{"line":4,"column":17},"end":{"line":13,"column":1}},"3":{"start":{"line":5,"column":19},"end":{"line":5,"column":51}},"4":{"start":{"line":6,"column":2},"end":{"line":11,"column":null}},"5":{"start":{"line":7,"column":12},"end":{"line":7,"column":17}},"6":{"start":{"line":8,"column":4},"end":{"line":10,"column":28}},"7":{"start":{"line":9,"column":6},"end":{"line":9,"column":19}},"8":{"start":{"line":10,"column":11},"end":{"line":10,"column":28}},"9":{"start":{"line":12,"column":2},"end":{"line":12,"column":19}},"10":{"start":{"line":14,"column":13},"end":{"line":33,"column":2}},"11":{"start":{"line":17,"column":12},"end":{"line":33,"column":2}},"12":{"start":{"line":19,"column":2},"end":{"line":19,"column":23}},"13":{"start":{"line":21,"column":8},"end":{"line":25,"column":4}},"14":{"start":{"line":27,"column":2},"end":{"line":32,"column":5}},"15":{"start":{"line":35,"column":21},"end":{"line":75,"column":2}},"16":{"start":{"line":36,"column":19},"end":{"line":36,"column":31}},"17":{"start":{"line":37,"column":6},"end":{"line":37,"column":null}},"18":{"start":{"line":38,"column":6},"end":{"line":38,"column":null}},"19":{"start":{"line":36,"column":8},"end":{"line":38,"column":null}},"20":{"start":{"line":40,"column":6},"end":{"line":40,"column":14}},"21":{"start":{"line":41,"column":10},"end":{"line":44,"column":6}},"22":{"start":{"line":46,"column":10},"end":{"line":49,"column":6}},"23":{"start":{"line":51,"column":11},"end":{"line":73,"column":9}},"24":{"start":{"line":58,"column":14},"end":{"line":58,"column":16}},"25":{"start":{"line":58,"column":16},"end":{"line":58,"column":21}},"26":{"start":{"line":58,"column":23},"end":{"line":58,"column":29}},"27":{"start":{"line":58,"column":31},"end":{"line":58,"column":60}},"28":{"start":{"line":59,"column":8},"end":{"line":67,"column":10}},"29":{"start":{"line":70,"column":8},"end":{"line":70,"column":22}},"30":{"start":{"line":71,"column":8},"end":{"line":71,"column":44}},"31":{"start":{"line":72,"column":8},"end":{"line":72,"column":37}},"32":{"start":{"line":51,"column":4},"end":{"line":73,"column":9}},"33":{"start":{"line":77,"column":13},"end":{"line":83,"column":2}},"34":{"start":{"line":78,"column":2},"end":{"line":82,"column":null}},"35":{"start":{"line":79,"column":4},"end":{"line":79,"column":40}},"36":{"start":{"line":80,"column":4},"end":{"line":80,"column":31}},"37":{"start":{"line":81,"column":4},"end":{"line":81,"column":11}}},"fnMap":{"0":{"name":"(anonymous_15)","decl":{"start":{"line":4,"column":17},"end":{"line":4,"column":null}},"loc":{"start":{"line":4,"column":17},"end":{"line":13,"column":1}}},"1":{"name":"(anonymous_16)","decl":{"start":{"line":14,"column":27},"end":{"line":14,"column":null}},"loc":{"start":{"line":17,"column":12},"end":{"line":33,"column":2}}},"2":{"name":"(anonymous_17)","decl":{"start":{"line":17,"column":12},"end":{"line":17,"column":null}},"loc":{"start":{"line":17,"column":12},"end":{"line":33,"column":2}}},"3":{"name":"(anonymous_19)","decl":{"start":{"line":35,"column":21},"end":{"line":35,"column":null}},"loc":{"start":{"line":35,"column":21},"end":{"line":75,"column":2}}},"4":{"name":"(anonymous_22)","decl":{"start":{"line":57,"column":12},"end":{"line":57,"column":13}},"loc":{"start":{"line":57,"column":19},"end":{"line":68,"column":7}}},"5":{"name":"(anonymous_23)","decl":{"start":{"line":69,"column":13},"end":{"line":69,"column":14}},"loc":{"start":{"line":69,"column":17},"end":{"line":73,"column":7}}},"6":{"name":"(anonymous_24)","decl":{"start":{"line":77,"column":24},"end":{"line":77,"column":25}},"loc":{"start":{"line":77,"column":62},"end":{"line":83,"column":1}}}},"branchMap":{"0":{"loc":{"start":{"line":6,"column":2},"end":{"line":11,"column":null}},"type":"if","locations":[{"start":{"line":6,"column":2},"end":{"line":11,"column":null}},{"start":{"line":6,"column":2},"end":{"line":11,"column":null}}]},"1":{"loc":{"start":{"line":8,"column":4},"end":{"line":10,"column":28}},"type":"if","locations":[{"start":{"line":8,"column":4},"end":{"line":10,"column":28}},{"start":{"line":8,"column":4},"end":{"line":10,"column":28}}]},"2":{"loc":{"start":{"line":19,"column":2},"end":{"line":19,"column":23}},"type":"switch","locations":[{"start":{"line":19,"column":2},"end":{"line":19,"column":23}}]},"3":{"loc":{"start":{"line":51,"column":4},"end":{"line":73,"column":9}},"type":"switch","locations":[{"start":{"line":51,"column":4},"end":{"line":73,"column":9}}]},"4":{"loc":{"start":{"line":36,"column":19},"end":{"line":36,"column":31}},"type":"if","locations":[{"start":{"line":36,"column":19},"end":{"line":36,"column":31}},{"start":{"line":36,"column":19},"end":{"line":36,"column":31}}]},"5":{"loc":{"start":{"line":37,"column":23},"end":{"line":37,"column":55}},"type":"binary-expr","locations":[{"start":{"line":37,"column":23},"end":{"line":37,"column":55}},{"start":{"line":37,"column":59},"end":{"line":37,"column":61}}]},"6":{"loc":{"start":{"line":40,"column":6},"end":{"line":40,"column":14}},"type":"if","locations":[{"start":{"line":40,"column":6},"end":{"line":40,"column":14}},{"start":{"line":40,"column":6},"end":{"line":40,"column":14}}]},"7":{"loc":{"start":{"line":40,"column":6},"end":{"line":40,"column":14}},"type":"binary-expr","locations":[{"start":{"line":40,"column":6},"end":{"line":40,"column":14}},{"start":{"line":40,"column":18},"end":{"line":40,"column":66}}]},"8":{"loc":{"start":{"line":78,"column":2},"end":{"line":82,"column":null}},"type":"if","locations":[{"start":{"line":78,"column":2},"end":{"line":82,"column":null}},{"start":{"line":78,"column":2},"end":{"line":82,"column":null}}]}},"s":{"0":3,"1":3,"2":3,"3":0,"4":0,"5":0,"6":0,"7":0,"8":0,"9":0,"10":3,"11":0,"12":0,"13":0,"14":0,"15":3,"16":0,"17":0,"18":0,"19":0,"20":0,"21":0,"22":0,"23":0,"24":0,"25":0,"26":0,"27":0,"28":0,"29":0,"30":0,"31":0,"32":0,"33":3,"34":0,"35":0,"36":0,"37":0},"f":{"0":0,"1":0,"2":0,"3":0,"4":0,"5":0,"6":0},"b":{"0":[0,0],"1":[0,0],"2":[0],"3":[0],"4":[0,0],"5":[0,0],"6":[0,0],"7":[0,0],"8":[0,0]}}
}
