TN:
SF:client/src/constants.js
FNF:0
FNH:0
DA:1,3
DA:2,3
DA:3,3
DA:4,3
DA:5,3
DA:6,3
DA:7,3
DA:8,3
DA:9,3
DA:10,3
DA:11,3
DA:14,3
DA:15,3
DA:16,3
DA:20,3
DA:21,3
DA:22,3
DA:24,3
DA:25,3
DA:26,3
DA:27,3
DA:28,3
DA:29,3
DA:33,3
DA:34,3
DA:35,3
DA:36,3
DA:39,3
DA:40,3
DA:41,3
DA:43,3
DA:46,3
DA:47,3
DA:48,3
DA:49,3
DA:51,3
DA:54,3
DA:55,3
DA:56,3
DA:57,3
DA:58,3
DA:59,3
DA:60,3
DA:61,3
DA:62,3
DA:63,3
DA:67,3
DA:68,3
DA:69,3
DA:71,3
DA:75,3
DA:76,3
DA:77,3
DA:78,3
DA:80,3
LF:55
LH:55
BRF:0
BRH:0
end_of_record
TN:
SF:client/src/components/Header/index.tsx
FN:14,(anonymous_3)
FN:25,ScrollTop
FN:34,(anonymous_5)
FN:53,(anonymous_6)
FNF:4
FNH:1
FNDA:0,(anonymous_3)
FNDA:0,ScrollTop
FNDA:0,(anonymous_5)
FNDA:1,(anonymous_6)
DA:1,2
DA:2,2
DA:4,2
DA:5,2
DA:6,2
DA:7,2
DA:8,2
DA:10,2
DA:11,2
DA:12,2
DA:14,2
DA:15,0
DA:26,0
DA:27,0
DA:29,0
DA:34,0
DA:35,0
DA:39,0
DA:40,0
DA:44,0
DA:53,2
DA:54,1
DA:69,2
LF:23
LH:14
BRDA:36,0,0,0
BRDA:36,0,1,0
BRDA:39,1,0,0
BRDA:39,1,1,0
BRF:4
BRH:0
end_of_record
TN:
SF:client/src/config/index.ts
FNF:0
FNH:0
DA:1,3
LF:1
LH:1
BRDA:1,0,0,3
BRDA:1,0,1,3
BRF:2
BRH:2
end_of_record
TN:
SF:client/src/pages/AuthPage/actions/actionUser.ts
FN:16,(anonymous_2)
FN:17,(anonymous_3)
FN:20,(anonymous_4)
FN:25,(anonymous_5)
FN:27,(anonymous_6)
FN:34,(anonymous_7)
FN:35,(anonymous_8)
FN:38,(anonymous_9)
FN:54,(anonymous_10)
FN:56,(anonymous_11)
FN:63,(anonymous_12)
FN:76,(anonymous_13)
FN:77,(anonymous_14)
FN:83,(anonymous_15)
FN:88,(anonymous_16)
FN:90,(anonymous_17)
FN:97,(anonymous_18)
FN:101,(anonymous_19)
FN:105,(anonymous_20)
FN:109,(anonymous_21)
FN:113,(anonymous_22)
FN:123,(anonymous_23)
FN:130,(anonymous_24)
FN:139,(anonymous_25)
FNF:24
FNH:11
FNDA:0,(anonymous_2)
FNDA:0,(anonymous_3)
FNDA:0,(anonymous_4)
FNDA:0,(anonymous_5)
FNDA:0,(anonymous_6)
FNDA:0,(anonymous_7)
FNDA:0,(anonymous_8)
FNDA:0,(anonymous_9)
FNDA:0,(anonymous_10)
FNDA:0,(anonymous_11)
FNDA:2,(anonymous_12)
FNDA:1,(anonymous_13)
FNDA:1,(anonymous_14)
FNDA:0,(anonymous_15)
FNDA:0,(anonymous_16)
FNDA:0,(anonymous_17)
FNDA:2,(anonymous_18)
FNDA:1,(anonymous_19)
FNDA:1,(anonymous_20)
FNDA:1,(anonymous_21)
FNDA:1,(anonymous_22)
FNDA:1,(anonymous_23)
FNDA:1,(anonymous_24)
FNDA:1,(anonymous_25)
DA:1,1
DA:15,1
DA:16,1
DA:17,0
DA:18,0
DA:19,0
DA:21,0
DA:22,0
DA:26,0
DA:27,0
DA:28,0
DA:34,1
DA:35,0
DA:36,0
DA:37,0
DA:39,0
DA:40,0
DA:41,0
DA:42,0
DA:43,0
DA:55,0
DA:56,0
DA:57,0
DA:63,1
DA:66,2
DA:76,1
DA:77,1
DA:78,1
DA:79,1
DA:83,1
DA:88,0
DA:89,0
DA:90,0
DA:91,0
DA:92,0
DA:97,1
DA:98,2
DA:101,1
DA:102,1
DA:105,1
DA:106,1
DA:109,1
DA:110,1
DA:113,1
DA:118,1
DA:123,1
DA:124,1
DA:130,1
DA:133,1
DA:139,1
DA:140,1
LF:51
LH:27
BRDA:21,0,0,0
BRDA:21,0,1,0
BRDA:39,1,0,0
BRDA:39,1,1,0
BRDA:70,2,0,1
BRDA:70,2,1,1
BRF:6
BRH:2
end_of_record
TN:
SF:client/src/pages/AuthPage/components/Authform.tsx
FN:24,(anonymous_2)
FN:36,(anonymous_3)
FN:39,(anonymous_4)
FN:49,(anonymous_5)
FN:51,(anonymous_6)
FN:94,(anonymous_7)
FN:95,(anonymous_8)
FNF:7
FNH:1
FNDA:1,(anonymous_2)
FNDA:0,(anonymous_3)
FNDA:0,(anonymous_4)
FNDA:0,(anonymous_5)
FNDA:0,(anonymous_6)
FNDA:0,(anonymous_7)
FNDA:0,(anonymous_8)
DA:1,1
DA:2,1
DA:3,1
DA:5,1
DA:6,1
DA:7,1
DA:9,1
DA:24,1
DA:25,1
DA:26,1
DA:27,1
DA:28,1
DA:30,1
DA:31,1
DA:36,1
DA:37,0
DA:38,0
DA:39,0
DA:41,0
DA:45,1
DA:49,0
DA:51,0
DA:95,0
DA:107,1
LF:24
LH:17
BRDA:37,0,0,0
BRDA:37,0,1,0
BRDA:59,1,0,0
BRDA:59,1,1,0
BRDA:72,2,0,0
BRDA:72,2,1,0
BRDA:84,3,0,0
BRDA:84,3,1,0
BRDA:93,4,0,0
BRDA:93,4,1,0
BRF:10
BRH:0
end_of_record
TN:
SF:client/src/pages/HomePage/index.tsx
FN:9,(anonymous_1)
FNF:1
FNH:1
FNDA:1,(anonymous_1)
DA:1,1
DA:2,1
DA:3,1
DA:4,1
DA:5,1
DA:6,1
DA:7,1
DA:8,1
DA:9,1
DA:10,1
DA:37,1
LF:11
LH:11
BRF:0
BRH:0
end_of_record
TN:
SF:client/src/pages/HomePage/components/HomeHeader/index.tsx
FN:6,(anonymous_1)
FNF:1
FNH:0
FNDA:0,(anonymous_1)
DA:1,1
DA:2,1
DA:3,1
DA:5,1
DA:6,1
DA:7,0
DA:19,1
LF:7
LH:6
BRF:0
BRH:0
end_of_record
TN:
SF:client/src/pages/HomePage/components/NavItem/index.tsx
FN:12,(anonymous_1)
FNF:1
FNH:1
FNDA:1,(anonymous_1)
DA:1,2
DA:2,2
DA:3,2
DA:4,2
DA:12,2
DA:13,1
DA:21,2
LF:7
LH:7
BRF:0
BRH:0
end_of_record
TN:
SF:client/src/pages/Services/actions/actionsServices.ts
FN:25,(anonymous_0)
FN:33,(anonymous_1)
FN:39,(anonymous_2)
FN:48,(anonymous_3)
FN:54,(anonymous_4)
FN:61,(anonymous_5)
FN:62,(anonymous_6)
FN:65,(anonymous_7)
FN:73,(anonymous_8)
FN:79,(anonymous_9)
FN:86,(anonymous_10)
FN:87,(anonymous_11)
FN:90,(anonymous_12)
FN:98,(anonymous_13)
FN:104,(anonymous_14)
FN:111,(anonymous_15)
FN:121,(anonymous_16)
FN:124,(anonymous_17)
FN:127,(anonymous_18)
FN:133,(anonymous_19)
FN:135,(anonymous_20)
FN:141,(anonymous_21)
FN:146,(anonymous_22)
FN:155,(anonymous_23)
FN:158,(anonymous_24)
FN:171,(anonymous_25)
FNF:26
FNH:5
FNDA:0,(anonymous_0)
FNDA:0,(anonymous_1)
FNDA:0,(anonymous_2)
FNDA:0,(anonymous_3)
FNDA:0,(anonymous_4)
FNDA:0,(anonymous_5)
FNDA:0,(anonymous_6)
FNDA:0,(anonymous_7)
FNDA:0,(anonymous_8)
FNDA:0,(anonymous_9)
FNDA:0,(anonymous_10)
FNDA:0,(anonymous_11)
FNDA:0,(anonymous_12)
FNDA:0,(anonymous_13)
FNDA:0,(anonymous_14)
FNDA:0,(anonymous_15)
FNDA:0,(anonymous_16)
FNDA:0,(anonymous_17)
FNDA:0,(anonymous_18)
FNDA:0,(anonymous_19)
FNDA:0,(anonymous_20)
FNDA:1,(anonymous_21)
FNDA:1,(anonymous_22)
FNDA:1,(anonymous_23)
FNDA:1,(anonymous_24)
FNDA:1,(anonymous_25)
DA:3,2
DA:4,2
DA:25,2
DA:33,0
DA:34,0
DA:38,0
DA:40,0
DA:41,0
DA:42,0
DA:43,0
DA:45,0
DA:49,0
DA:50,0
DA:54,0
DA:55,0
DA:61,2
DA:62,0
DA:63,0
DA:64,0
DA:66,0
DA:67,0
DA:74,0
DA:75,0
DA:79,0
DA:80,0
DA:86,2
DA:87,0
DA:88,0
DA:89,0
DA:91,0
DA:92,0
DA:99,0
DA:100,0
DA:104,0
DA:105,0
DA:111,2
DA:121,0
DA:122,0
DA:123,0
DA:125,0
DA:126,0
DA:127,0
DA:128,0
DA:129,0
DA:134,0
DA:135,0
DA:136,0
DA:141,2
DA:142,1
DA:146,2
DA:150,1
DA:155,2
DA:156,1
DA:158,2
DA:161,1
DA:171,2
DA:172,1
LF:57
LH:16
BRDA:40,0,0,0
BRDA:40,0,1,0
BRDA:66,1,0,0
BRDA:66,1,1,0
BRDA:91,2,0,0
BRDA:91,2,1,0
BRDA:125,3,0,0
BRDA:125,3,1,0
BRDA:165,4,0,1
BRDA:165,4,1,0
BRF:10
BRH:1
end_of_record
TN:
SF:client/src/pages/Services/components/FormAddService/index.tsx
FN:31,(anonymous_2)
FN:32,(anonymous_3)
FN:44,(anonymous_4)
FN:45,(anonymous_5)
FN:58,(anonymous_6)
FN:64,(anonymous_7)
FN:69,(anonymous_8)
FN:79,(anonymous_9)
FN:96,(anonymous_10)
FN:107,(anonymous_11)
FN:200,(anonymous_12)
FN:202,(anonymous_13)
FN:203,(anonymous_14)
FN:209,(anonymous_15)
FN:228,(anonymous_16)
FNF:15
FNH:2
FNDA:4,(anonymous_2)
FNDA:8,(anonymous_3)
FNDA:0,(anonymous_4)
FNDA:0,(anonymous_5)
FNDA:0,(anonymous_6)
FNDA:0,(anonymous_7)
FNDA:0,(anonymous_8)
FNDA:0,(anonymous_9)
FNDA:0,(anonymous_10)
FNDA:0,(anonymous_11)
FNDA:0,(anonymous_12)
FNDA:0,(anonymous_13)
FNDA:0,(anonymous_14)
FNDA:0,(anonymous_15)
FNDA:0,(anonymous_16)
DA:1,1
DA:2,1
DA:3,1
DA:4,1
DA:5,1
DA:6,1
DA:7,1
DA:8,1
DA:9,1
DA:10,1
DA:12,1
DA:14,1
DA:16,1
DA:18,1
DA:19,1
DA:20,1
DA:21,1
DA:23,1
DA:24,1
DA:25,1
DA:26,1
DA:27,1
DA:29,1
DA:31,1
DA:32,8
DA:35,1
DA:40,1
DA:44,1
DA:45,0
DA:54,0
DA:56,0
DA:57,0
DA:58,0
DA:59,0
DA:60,0
DA:64,0
DA:65,0
DA:69,0
DA:70,0
DA:79,0
DA:80,0
DA:87,0
DA:90,0
DA:96,0
DA:97,0
DA:100,0
DA:107,0
DA:201,0
DA:203,0
DA:209,0
DA:228,0
DA:259,1
LF:52
LH:29
BRDA:59,0,0,0
BRDA:59,0,1,0
BRDA:65,1,0,0
BRDA:65,1,1,0
BRDA:70,2,0,0
BRDA:70,2,1,0
BRDA:122,3,0,0
BRDA:122,3,1,0
BRDA:148,4,0,0
BRDA:148,4,1,0
BRDA:169,5,0,0
BRDA:169,5,1,0
BRDA:203,6,0,0
BRDA:203,6,1,0
BRDA:203,7,0,0
BRDA:203,7,1,0
BRDA:228,8,0,0
BRDA:228,8,1,0
BRDA:228,9,0,0
BRDA:228,9,1,0
BRDA:228,10,0,0
BRDA:228,10,1,0
BRDA:244,11,0,0
BRDA:244,11,1,0
BRF:24
BRH:0
end_of_record
TN:
SF:client/src/pages/Services/components/SelectColor/index.tsx
FN:14,SimpleDialog
FN:23,(anonymous_3)
FN:29,(anonymous_4)
FN:44,SelectColor
FN:50,(anonymous_6)
FN:57,(anonymous_7)
FN:62,(anonymous_8)
FN:63,(anonymous_9)
FNF:8
FNH:0
FNDA:0,SimpleDialog
FNDA:0,(anonymous_3)
FNDA:0,(anonymous_4)
FNDA:0,SelectColor
FNDA:0,(anonymous_6)
FNDA:0,(anonymous_7)
FNDA:0,(anonymous_8)
FNDA:0,(anonymous_9)
DA:1,1
DA:2,1
DA:3,1
DA:5,1
DA:15,0
DA:16,0
DA:17,0
DA:18,0
DA:20,0
DA:24,0
DA:29,0
DA:44,1
DA:45,0
DA:46,0
DA:48,0
DA:50,0
DA:51,0
DA:52,0
DA:55,0
DA:57,0
DA:62,0
DA:63,0
LF:22
LH:5
BRF:0
BRH:0
end_of_record
TN:
SF:client/src/reducers/services.ts
FN:39,(anonymous_3)
FNF:1
FNH:0
FNDA:0,(anonymous_3)
DA:4,1
DA:16,1
DA:39,1
DA:40,0
DA:43,0
DA:45,0
DA:52,0
DA:59,0
DA:66,0
DA:72,0
DA:74,0
DA:82,0
DA:87,0
DA:89,0
DA:91,0
DA:95,1
LF:16
LH:4
BRDA:40,0,0,0
BRDA:40,0,1,0
BRDA:44,1,0,0
BRDA:44,1,1,0
BRDA:44,1,2,0
BRDA:44,1,3,0
BRDA:44,1,4,0
BRDA:44,1,5,0
BRDA:44,1,6,0
BRDA:44,1,7,0
BRDA:44,1,8,0
BRDA:44,1,9,0
BRF:12
BRH:0
end_of_record
TN:
SF:client/src/reducers/user.ts
FN:28,(anonymous_2)
FNF:1
FNH:0
FNDA:0,(anonymous_2)
DA:2,1
DA:15,1
DA:28,1
DA:29,0
DA:32,0
DA:34,0
DA:41,0
DA:48,0
DA:56,0
DA:63,0
DA:69,0
DA:76,0
DA:84,0
DA:90,0
DA:95,0
DA:97,0
DA:101,1
LF:17
LH:4
BRDA:29,0,0,0
BRDA:29,0,1,0
BRDA:33,1,0,0
BRDA:33,1,1,0
BRDA:33,1,2,0
BRDA:33,1,3,0
BRDA:33,1,4,0
BRDA:33,1,5,0
BRDA:33,1,6,0
BRDA:33,1,7,0
BRDA:33,1,8,0
BRDA:33,1,9,0
BRDA:33,1,10,0
BRF:13
BRH:0
end_of_record
TN:
SF:client/src/utils/network.ts
FN:4,(anonymous_15)
FN:14,(anonymous_16)
FN:17,(anonymous_17)
FN:35,(anonymous_19)
FN:57,(anonymous_22)
FN:69,(anonymous_23)
FN:77,(anonymous_24)
FNF:7
FNH:0
FNDA:0,(anonymous_15)
FNDA:0,(anonymous_16)
FNDA:0,(anonymous_17)
FNDA:0,(anonymous_19)
FNDA:0,(anonymous_22)
FNDA:0,(anonymous_23)
FNDA:0,(anonymous_24)
DA:1,3
DA:3,3
DA:4,3
DA:5,0
DA:6,0
DA:7,0
DA:8,0
DA:9,0
DA:10,0
DA:12,0
DA:14,3
DA:17,0
DA:19,0
DA:21,0
DA:27,0
DA:35,3
DA:36,0
DA:37,0
DA:38,0
DA:40,0
DA:41,0
DA:46,0
DA:51,0
DA:58,0
DA:59,0
DA:70,0
DA:71,0
DA:72,0
DA:77,3
DA:78,0
DA:79,0
DA:80,0
DA:81,0
LF:33
LH:6
BRDA:6,0,0,0
BRDA:6,0,1,0
BRDA:8,1,0,0
BRDA:8,1,1,0
BRDA:19,2,0,0
BRDA:51,3,0,0
BRDA:36,4,0,0
BRDA:36,4,1,0
BRDA:37,5,0,0
BRDA:37,5,1,0
BRDA:40,6,0,0
BRDA:40,6,1,0
BRDA:40,7,0,0
BRDA:40,7,1,0
BRDA:78,8,0,0
BRDA:78,8,1,0
BRF:16
BRH:0
end_of_record
